Determining if the pthread_create exist failed with the following output:
Change Dir: /home/krypton/Downloads/PA4-MeshEdit/build/CMakeFiles/CMakeTmp

Run Build Command:"/usr/bin/make" "cmTC_d4a81/fast"
/usr/bin/make -f CMakeFiles/cmTC_d4a81.dir/build.make CMakeFiles/cmTC_d4a81.dir/build
make[1]: Entering directory '/home/krypton/Downloads/PA4-MeshEdit/build/CMakeFiles/CMakeTmp'
Building C object CMakeFiles/cmTC_d4a81.dir/CheckSymbolExists.c.o
/usr/bin/cc    -o CMakeFiles/cmTC_d4a81.dir/CheckSymbolExists.c.o   -c /home/krypton/Downloads/PA4-MeshEdit/build/CMakeFiles/CMakeTmp/CheckSymbolExists.c
Linking C executable cmTC_d4a81
/usr/bin/cmake -E cmake_link_script CMakeFiles/cmTC_d4a81.dir/link.txt --verbose=1
/usr/bin/cc      -rdynamic CMakeFiles/cmTC_d4a81.dir/CheckSymbolExists.c.o  -o cmTC_d4a81 
CMakeFiles/cmTC_d4a81.dir/CheckSymbolExists.c.o: In function `main':
CheckSymbolExists.c:(.text+0x1b): undefined reference to `pthread_create'
collect2: error: ld returned 1 exit status
CMakeFiles/cmTC_d4a81.dir/build.make:97: recipe for target 'cmTC_d4a81' failed
make[1]: *** [cmTC_d4a81] Error 1
make[1]: Leaving directory '/home/krypton/Downloads/PA4-MeshEdit/build/CMakeFiles/CMakeTmp'
Makefile:126: recipe for target 'cmTC_d4a81/fast' failed
make: *** [cmTC_d4a81/fast] Error 2

File /home/krypton/Downloads/PA4-MeshEdit/build/CMakeFiles/CMakeTmp/CheckSymbolExists.c:
/* */
#include <pthread.h>

int main(int argc, char** argv)
{
  (void)argv;
#ifndef pthread_create
  return ((int*)(&pthread_create))[argc];
#else
  (void)argc;
  return 0;
#endif
}

Determining if the function pthread_create exists in the pthreads failed with the following output:
Change Dir: /home/krypton/Downloads/PA4-MeshEdit/build/CMakeFiles/CMakeTmp

Run Build Command:"/usr/bin/make" "cmTC_f260b/fast"
/usr/bin/make -f CMakeFiles/cmTC_f260b.dir/build.make CMakeFiles/cmTC_f260b.dir/build
make[1]: Entering directory '/home/krypton/Downloads/PA4-MeshEdit/build/CMakeFiles/CMakeTmp'
Building C object CMakeFiles/cmTC_f260b.dir/CheckFunctionExists.c.o
/usr/bin/cc   -DCHECK_FUNCTION_EXISTS=pthread_create   -o CMakeFiles/cmTC_f260b.dir/CheckFunctionExists.c.o   -c /usr/share/cmake-3.10/Modules/CheckFunctionExists.c
Linking C executable cmTC_f260b
/usr/bin/cmake -E cmake_link_script CMakeFiles/cmTC_f260b.dir/link.txt --verbose=1
/usr/bin/cc  -DCHECK_FUNCTION_EXISTS=pthread_create    -rdynamic CMakeFiles/cmTC_f260b.dir/CheckFunctionExists.c.o  -o cmTC_f260b -lpthreads 
/usr/bin/ld: cannot find -lpthreads
collect2: error: ld returned 1 exit status
CMakeFiles/cmTC_f260b.dir/build.make:97: recipe for target 'cmTC_f260b' failed
make[1]: *** [cmTC_f260b] Error 1
make[1]: Leaving directory '/home/krypton/Downloads/PA4-MeshEdit/build/CMakeFiles/CMakeTmp'
Makefile:126: recipe for target 'cmTC_f260b/fast' failed
make: *** [cmTC_f260b/fast] Error 2


Determining if the function glXGetProcAddressEXT exists failed with the following output:
Change Dir: /home/krypton/Downloads/PA4-MeshEdit/build/CMakeFiles/CMakeTmp

Run Build Command:"/usr/bin/make" "cmTC_dafdf/fast"
/usr/bin/make -f CMakeFiles/cmTC_dafdf.dir/build.make CMakeFiles/cmTC_dafdf.dir/build
make[1]: Entering directory '/home/krypton/Downloads/PA4-MeshEdit/build/CMakeFiles/CMakeTmp'
Building C object CMakeFiles/cmTC_dafdf.dir/CheckFunctionExists.c.o
/usr/bin/cc   -DCHECK_FUNCTION_EXISTS=glXGetProcAddressEXT   -o CMakeFiles/cmTC_dafdf.dir/CheckFunctionExists.c.o   -c /usr/share/cmake-3.10/Modules/CheckFunctionExists.c
Linking C executable cmTC_dafdf
/usr/bin/cmake -E cmake_link_script CMakeFiles/cmTC_dafdf.dir/link.txt --verbose=1
/usr/bin/cc  -DCHECK_FUNCTION_EXISTS=glXGetProcAddressEXT    -rdynamic CMakeFiles/cmTC_dafdf.dir/CheckFunctionExists.c.o  -o cmTC_dafdf /usr/lib/x86_64-linux-gnu/libGL.so 
CMakeFiles/cmTC_dafdf.dir/CheckFunctionExists.c.o: In function `main':
CheckFunctionExists.c:(.text+0x10): undefined reference to `glXGetProcAddressEXT'
collect2: error: ld returned 1 exit status
CMakeFiles/cmTC_dafdf.dir/build.make:98: recipe for target 'cmTC_dafdf' failed
make[1]: *** [cmTC_dafdf] Error 1
make[1]: Leaving directory '/home/krypton/Downloads/PA4-MeshEdit/build/CMakeFiles/CMakeTmp'
Makefile:126: recipe for target 'cmTC_dafdf/fast' failed
make: *** [cmTC_dafdf/fast] Error 2


