Determining if the pthread_create exist failed with the following output:
Change Dir: /home/krypton/Downloads/PA2-RayTracing-master/build/CMakeFiles/CMakeTmp

Run Build Command:"/usr/bin/make" "cmTC_ac5a8/fast"
/usr/bin/make -f CMakeFiles/cmTC_ac5a8.dir/build.make CMakeFiles/cmTC_ac5a8.dir/build
make[1]: Entering directory '/home/krypton/Downloads/PA2-RayTracing-master/build/CMakeFiles/CMakeTmp'
Building C object CMakeFiles/cmTC_ac5a8.dir/CheckSymbolExists.c.o
/usr/bin/cc    -o CMakeFiles/cmTC_ac5a8.dir/CheckSymbolExists.c.o   -c /home/krypton/Downloads/PA2-RayTracing-master/build/CMakeFiles/CMakeTmp/CheckSymbolExists.c
Linking C executable cmTC_ac5a8
/usr/bin/cmake -E cmake_link_script CMakeFiles/cmTC_ac5a8.dir/link.txt --verbose=1
/usr/bin/cc      -rdynamic CMakeFiles/cmTC_ac5a8.dir/CheckSymbolExists.c.o  -o cmTC_ac5a8 
CMakeFiles/cmTC_ac5a8.dir/CheckSymbolExists.c.o: In function `main':
CheckSymbolExists.c:(.text+0x1b): undefined reference to `pthread_create'
collect2: error: ld returned 1 exit status
CMakeFiles/cmTC_ac5a8.dir/build.make:97: recipe for target 'cmTC_ac5a8' failed
make[1]: *** [cmTC_ac5a8] Error 1
make[1]: Leaving directory '/home/krypton/Downloads/PA2-RayTracing-master/build/CMakeFiles/CMakeTmp'
Makefile:126: recipe for target 'cmTC_ac5a8/fast' failed
make: *** [cmTC_ac5a8/fast] Error 2

File /home/krypton/Downloads/PA2-RayTracing-master/build/CMakeFiles/CMakeTmp/CheckSymbolExists.c:
/* */
#include <pthread.h>

int main(int argc, char** argv)
{
  (void)argv;
#ifndef pthread_create
  return ((int*)(&pthread_create))[argc];
#else
  (void)argc;
  return 0;
#endif
}

Determining if the function pthread_create exists in the pthreads failed with the following output:
Change Dir: /home/krypton/Downloads/PA2-RayTracing-master/build/CMakeFiles/CMakeTmp

Run Build Command:"/usr/bin/make" "cmTC_fbff1/fast"
/usr/bin/make -f CMakeFiles/cmTC_fbff1.dir/build.make CMakeFiles/cmTC_fbff1.dir/build
make[1]: Entering directory '/home/krypton/Downloads/PA2-RayTracing-master/build/CMakeFiles/CMakeTmp'
Building C object CMakeFiles/cmTC_fbff1.dir/CheckFunctionExists.c.o
/usr/bin/cc   -DCHECK_FUNCTION_EXISTS=pthread_create   -o CMakeFiles/cmTC_fbff1.dir/CheckFunctionExists.c.o   -c /usr/share/cmake-3.10/Modules/CheckFunctionExists.c
Linking C executable cmTC_fbff1
/usr/bin/cmake -E cmake_link_script CMakeFiles/cmTC_fbff1.dir/link.txt --verbose=1
/usr/bin/cc  -DCHECK_FUNCTION_EXISTS=pthread_create    -rdynamic CMakeFiles/cmTC_fbff1.dir/CheckFunctionExists.c.o  -o cmTC_fbff1 -lpthreads 
/usr/bin/ld: cannot find -lpthreads
collect2: error: ld returned 1 exit status
CMakeFiles/cmTC_fbff1.dir/build.make:97: recipe for target 'cmTC_fbff1' failed
make[1]: *** [cmTC_fbff1] Error 1
make[1]: Leaving directory '/home/krypton/Downloads/PA2-RayTracing-master/build/CMakeFiles/CMakeTmp'
Makefile:126: recipe for target 'cmTC_fbff1/fast' failed
make: *** [cmTC_fbff1/fast] Error 2


Determining if the function glXGetProcAddressEXT exists failed with the following output:
Change Dir: /home/krypton/Downloads/PA2-RayTracing-master/build/CMakeFiles/CMakeTmp

Run Build Command:"/usr/bin/make" "cmTC_9f956/fast"
/usr/bin/make -f CMakeFiles/cmTC_9f956.dir/build.make CMakeFiles/cmTC_9f956.dir/build
make[1]: Entering directory '/home/krypton/Downloads/PA2-RayTracing-master/build/CMakeFiles/CMakeTmp'
Building C object CMakeFiles/cmTC_9f956.dir/CheckFunctionExists.c.o
/usr/bin/cc   -DCHECK_FUNCTION_EXISTS=glXGetProcAddressEXT   -o CMakeFiles/cmTC_9f956.dir/CheckFunctionExists.c.o   -c /usr/share/cmake-3.10/Modules/CheckFunctionExists.c
Linking C executable cmTC_9f956
/usr/bin/cmake -E cmake_link_script CMakeFiles/cmTC_9f956.dir/link.txt --verbose=1
/usr/bin/cc  -DCHECK_FUNCTION_EXISTS=glXGetProcAddressEXT    -rdynamic CMakeFiles/cmTC_9f956.dir/CheckFunctionExists.c.o  -o cmTC_9f956 /usr/lib/x86_64-linux-gnu/libGL.so 
CMakeFiles/cmTC_9f956.dir/CheckFunctionExists.c.o: In function `main':
CheckFunctionExists.c:(.text+0x10): undefined reference to `glXGetProcAddressEXT'
collect2: error: ld returned 1 exit status
CMakeFiles/cmTC_9f956.dir/build.make:98: recipe for target 'cmTC_9f956' failed
make[1]: *** [cmTC_9f956] Error 1
make[1]: Leaving directory '/home/krypton/Downloads/PA2-RayTracing-master/build/CMakeFiles/CMakeTmp'
Makefile:126: recipe for target 'cmTC_9f956/fast' failed
make: *** [cmTC_9f956/fast] Error 2


