Determining if the pthread_create exist failed with the following output:
Change Dir: /home/krypton/Downloads/CG-PA1-master/build/CMakeFiles/CMakeTmp

Run Build Command:"/usr/bin/make" "cmTC_fa7d5/fast"
/usr/bin/make -f CMakeFiles/cmTC_fa7d5.dir/build.make CMakeFiles/cmTC_fa7d5.dir/build
make[1]: Entering directory '/home/krypton/Downloads/CG-PA1-master/build/CMakeFiles/CMakeTmp'
Building C object CMakeFiles/cmTC_fa7d5.dir/CheckSymbolExists.c.o
/usr/bin/cc    -o CMakeFiles/cmTC_fa7d5.dir/CheckSymbolExists.c.o   -c /home/krypton/Downloads/CG-PA1-master/build/CMakeFiles/CMakeTmp/CheckSymbolExists.c
Linking C executable cmTC_fa7d5
/usr/bin/cmake -E cmake_link_script CMakeFiles/cmTC_fa7d5.dir/link.txt --verbose=1
/usr/bin/cc      -rdynamic CMakeFiles/cmTC_fa7d5.dir/CheckSymbolExists.c.o  -o cmTC_fa7d5 
CMakeFiles/cmTC_fa7d5.dir/CheckSymbolExists.c.o: In function `main':
CheckSymbolExists.c:(.text+0x1b): undefined reference to `pthread_create'
collect2: error: ld returned 1 exit status
CMakeFiles/cmTC_fa7d5.dir/build.make:97: recipe for target 'cmTC_fa7d5' failed
make[1]: *** [cmTC_fa7d5] Error 1
make[1]: Leaving directory '/home/krypton/Downloads/CG-PA1-master/build/CMakeFiles/CMakeTmp'
Makefile:126: recipe for target 'cmTC_fa7d5/fast' failed
make: *** [cmTC_fa7d5/fast] Error 2

File /home/krypton/Downloads/CG-PA1-master/build/CMakeFiles/CMakeTmp/CheckSymbolExists.c:
/* */
#include <pthread.h>

int main(int argc, char** argv)
{
  (void)argv;
#ifndef pthread_create
  return ((int*)(&pthread_create))[argc];
#else
  (void)argc;
  return 0;
#endif
}

Determining if the function pthread_create exists in the pthreads failed with the following output:
Change Dir: /home/krypton/Downloads/CG-PA1-master/build/CMakeFiles/CMakeTmp

Run Build Command:"/usr/bin/make" "cmTC_7bf1c/fast"
/usr/bin/make -f CMakeFiles/cmTC_7bf1c.dir/build.make CMakeFiles/cmTC_7bf1c.dir/build
make[1]: Entering directory '/home/krypton/Downloads/CG-PA1-master/build/CMakeFiles/CMakeTmp'
Building C object CMakeFiles/cmTC_7bf1c.dir/CheckFunctionExists.c.o
/usr/bin/cc   -DCHECK_FUNCTION_EXISTS=pthread_create   -o CMakeFiles/cmTC_7bf1c.dir/CheckFunctionExists.c.o   -c /usr/share/cmake-3.10/Modules/CheckFunctionExists.c
Linking C executable cmTC_7bf1c
/usr/bin/cmake -E cmake_link_script CMakeFiles/cmTC_7bf1c.dir/link.txt --verbose=1
/usr/bin/cc  -DCHECK_FUNCTION_EXISTS=pthread_create    -rdynamic CMakeFiles/cmTC_7bf1c.dir/CheckFunctionExists.c.o  -o cmTC_7bf1c -lpthreads 
/usr/bin/ld: cannot find -lpthreads
collect2: error: ld returned 1 exit status
CMakeFiles/cmTC_7bf1c.dir/build.make:97: recipe for target 'cmTC_7bf1c' failed
make[1]: *** [cmTC_7bf1c] Error 1
make[1]: Leaving directory '/home/krypton/Downloads/CG-PA1-master/build/CMakeFiles/CMakeTmp'
Makefile:126: recipe for target 'cmTC_7bf1c/fast' failed
make: *** [cmTC_7bf1c/fast] Error 2


Determining if the function glXGetProcAddressEXT exists failed with the following output:
Change Dir: /home/krypton/Downloads/CG-PA1-master/build/CMakeFiles/CMakeTmp

Run Build Command:"/usr/bin/make" "cmTC_2a247/fast"
/usr/bin/make -f CMakeFiles/cmTC_2a247.dir/build.make CMakeFiles/cmTC_2a247.dir/build
make[1]: Entering directory '/home/krypton/Downloads/CG-PA1-master/build/CMakeFiles/CMakeTmp'
Building C object CMakeFiles/cmTC_2a247.dir/CheckFunctionExists.c.o
/usr/bin/cc   -DCHECK_FUNCTION_EXISTS=glXGetProcAddressEXT   -o CMakeFiles/cmTC_2a247.dir/CheckFunctionExists.c.o   -c /usr/share/cmake-3.10/Modules/CheckFunctionExists.c
Linking C executable cmTC_2a247
/usr/bin/cmake -E cmake_link_script CMakeFiles/cmTC_2a247.dir/link.txt --verbose=1
/usr/bin/cc  -DCHECK_FUNCTION_EXISTS=glXGetProcAddressEXT    -rdynamic CMakeFiles/cmTC_2a247.dir/CheckFunctionExists.c.o  -o cmTC_2a247 /usr/lib/x86_64-linux-gnu/libGL.so 
CMakeFiles/cmTC_2a247.dir/CheckFunctionExists.c.o: In function `main':
CheckFunctionExists.c:(.text+0x10): undefined reference to `glXGetProcAddressEXT'
collect2: error: ld returned 1 exit status
CMakeFiles/cmTC_2a247.dir/build.make:98: recipe for target 'cmTC_2a247' failed
make[1]: *** [cmTC_2a247] Error 1
make[1]: Leaving directory '/home/krypton/Downloads/CG-PA1-master/build/CMakeFiles/CMakeTmp'
Makefile:126: recipe for target 'cmTC_2a247/fast' failed
make: *** [cmTC_2a247/fast] Error 2


