Determining if the pthread_create exist failed with the following output:
Change Dir: /home/krypton/Downloads/PA3-Illumination/build/CMakeFiles/CMakeTmp

Run Build Command:"/usr/bin/make" "cmTC_53829/fast"
/usr/bin/make -f CMakeFiles/cmTC_53829.dir/build.make CMakeFiles/cmTC_53829.dir/build
make[1]: Entering directory '/home/krypton/Downloads/PA3-Illumination/build/CMakeFiles/CMakeTmp'
Building C object CMakeFiles/cmTC_53829.dir/CheckSymbolExists.c.o
/usr/bin/cc    -o CMakeFiles/cmTC_53829.dir/CheckSymbolExists.c.o   -c /home/krypton/Downloads/PA3-Illumination/build/CMakeFiles/CMakeTmp/CheckSymbolExists.c
Linking C executable cmTC_53829
/usr/bin/cmake -E cmake_link_script CMakeFiles/cmTC_53829.dir/link.txt --verbose=1
/usr/bin/cc      -rdynamic CMakeFiles/cmTC_53829.dir/CheckSymbolExists.c.o  -o cmTC_53829 
CMakeFiles/cmTC_53829.dir/CheckSymbolExists.c.o: In function `main':
CheckSymbolExists.c:(.text+0x1b): undefined reference to `pthread_create'
collect2: error: ld returned 1 exit status
CMakeFiles/cmTC_53829.dir/build.make:97: recipe for target 'cmTC_53829' failed
make[1]: *** [cmTC_53829] Error 1
make[1]: Leaving directory '/home/krypton/Downloads/PA3-Illumination/build/CMakeFiles/CMakeTmp'
Makefile:126: recipe for target 'cmTC_53829/fast' failed
make: *** [cmTC_53829/fast] Error 2

File /home/krypton/Downloads/PA3-Illumination/build/CMakeFiles/CMakeTmp/CheckSymbolExists.c:
/* */
#include <pthread.h>

int main(int argc, char** argv)
{
  (void)argv;
#ifndef pthread_create
  return ((int*)(&pthread_create))[argc];
#else
  (void)argc;
  return 0;
#endif
}

Determining if the function pthread_create exists in the pthreads failed with the following output:
Change Dir: /home/krypton/Downloads/PA3-Illumination/build/CMakeFiles/CMakeTmp

Run Build Command:"/usr/bin/make" "cmTC_39d7d/fast"
/usr/bin/make -f CMakeFiles/cmTC_39d7d.dir/build.make CMakeFiles/cmTC_39d7d.dir/build
make[1]: Entering directory '/home/krypton/Downloads/PA3-Illumination/build/CMakeFiles/CMakeTmp'
Building C object CMakeFiles/cmTC_39d7d.dir/CheckFunctionExists.c.o
/usr/bin/cc   -DCHECK_FUNCTION_EXISTS=pthread_create   -o CMakeFiles/cmTC_39d7d.dir/CheckFunctionExists.c.o   -c /usr/share/cmake-3.10/Modules/CheckFunctionExists.c
Linking C executable cmTC_39d7d
/usr/bin/cmake -E cmake_link_script CMakeFiles/cmTC_39d7d.dir/link.txt --verbose=1
/usr/bin/cc  -DCHECK_FUNCTION_EXISTS=pthread_create    -rdynamic CMakeFiles/cmTC_39d7d.dir/CheckFunctionExists.c.o  -o cmTC_39d7d -lpthreads 
/usr/bin/ld: cannot find -lpthreads
collect2: error: ld returned 1 exit status
CMakeFiles/cmTC_39d7d.dir/build.make:97: recipe for target 'cmTC_39d7d' failed
make[1]: *** [cmTC_39d7d] Error 1
make[1]: Leaving directory '/home/krypton/Downloads/PA3-Illumination/build/CMakeFiles/CMakeTmp'
Makefile:126: recipe for target 'cmTC_39d7d/fast' failed
make: *** [cmTC_39d7d/fast] Error 2


Determining if the function glXGetProcAddressEXT exists failed with the following output:
Change Dir: /home/krypton/Downloads/PA3-Illumination/build/CMakeFiles/CMakeTmp

Run Build Command:"/usr/bin/make" "cmTC_c4dcb/fast"
/usr/bin/make -f CMakeFiles/cmTC_c4dcb.dir/build.make CMakeFiles/cmTC_c4dcb.dir/build
make[1]: Entering directory '/home/krypton/Downloads/PA3-Illumination/build/CMakeFiles/CMakeTmp'
Building C object CMakeFiles/cmTC_c4dcb.dir/CheckFunctionExists.c.o
/usr/bin/cc   -DCHECK_FUNCTION_EXISTS=glXGetProcAddressEXT   -o CMakeFiles/cmTC_c4dcb.dir/CheckFunctionExists.c.o   -c /usr/share/cmake-3.10/Modules/CheckFunctionExists.c
Linking C executable cmTC_c4dcb
/usr/bin/cmake -E cmake_link_script CMakeFiles/cmTC_c4dcb.dir/link.txt --verbose=1
/usr/bin/cc  -DCHECK_FUNCTION_EXISTS=glXGetProcAddressEXT    -rdynamic CMakeFiles/cmTC_c4dcb.dir/CheckFunctionExists.c.o  -o cmTC_c4dcb /usr/lib/x86_64-linux-gnu/libGL.so 
CMakeFiles/cmTC_c4dcb.dir/CheckFunctionExists.c.o: In function `main':
CheckFunctionExists.c:(.text+0x10): undefined reference to `glXGetProcAddressEXT'
collect2: error: ld returned 1 exit status
CMakeFiles/cmTC_c4dcb.dir/build.make:98: recipe for target 'cmTC_c4dcb' failed
make[1]: *** [cmTC_c4dcb] Error 1
make[1]: Leaving directory '/home/krypton/Downloads/PA3-Illumination/build/CMakeFiles/CMakeTmp'
Makefile:126: recipe for target 'cmTC_c4dcb/fast' failed
make: *** [cmTC_c4dcb/fast] Error 2


